2026-04-02 16:15:20,927 - INFO - 🚀 Iniciando limpeza de playlists em: D:/Music
2026-04-02 16:15:21,040 - INFO - 🗑️ DELETADO: D:/Music\(Electronic, Hip Hop, Rock) [CD] Gorillaz - Plastic Beach - 2010, FLAC (tracks+.cue), lossless\Gorillaz - Plastic Beach.m3u (426 bytes)
2026-04-02 16:15:21,063 - INFO - 🗑️ DELETADO: D:/Music\2001 Is This It\The Strokes - Is This It.m3u (892 bytes)
2026-04-02 16:15:21,071 - INFO - 🗑️ DELETADO: D:/Music\2025 - VA - Best Pop Hits Of 2025 (WEB 16-44.1) FLAC\00.Info.m3u (1249 bytes)
2026-04-02 16:15:21,073 - INFO - 🗑️ DELETADO: D:/Music\Arctic Monkeys - AM (2013) [FLAC]\Arctic Monkeys - AM.m3u (878 bytes)
2026-04-02 16:15:21,079 - INFO - 🗑️ DELETADO: D:/Music\Arctic Monkeys - Humbug [Japanese Edition] (FLAC)-2009vcb\Arctic Monkeys - Humbug [Japanese].m3u (527 bytes)
2026-04-02 16:15:21,088 - INFO - 🗑️ DELETADO: D:/Music\Arctic Monkeys - Whatever People Say I Am, That's What I'm Not - FLAC\00. Arctic Monkeys - Whatever People Say I Am, That's What I'm Not.m3u (1282 bytes)
2026-04-02 16:15:21,154 - INFO - 🗑️ DELETADO: D:/Music\Flowdan - Disaster Piece (2016)(FLAC)(CD)\Flowdan - Disaster Piece.m3u (869 bytes)
2026-04-02 16:15:21,178 - INFO - 🗑️ DELETADO: D:/Music\Gorillaz - Demon Days (Instrumentals) (2005 Elettronica) [Flac 16-44]\00.info.m3u (1006 bytes)
2026-04-02 16:15:21,180 - INFO - 🗑️ DELETADO: D:/Music\Gorillaz - The Fall (2011) [FLAC]\Gorillaz - The Fall.m3u (431 bytes)
2026-04-02 16:15:21,196 - INFO - 🗑️ DELETADO: D:/Music\Gorillaz - The Now Now (2018) FLAC\Gorillaz - The Now Now.m3u (738 bytes)
2026-04-02 16:15:21,312 - INFO - 🗑️ DELETADO: D:/Music\Nicki_Minaj-Pink_Friday_Roman_Reloaded-2012-pLAN9\00-nicki_minaj-pink_friday_roman_reloaded-2012.m3u (780 bytes)
2026-04-02 16:15:21,354 - INFO - 🗑️ DELETADO: D:/Music\Paramore - After Laughter\Paramore - After Laughter.m3u (699 bytes)
2026-04-02 16:15:21,391 - INFO - 🗑️ DELETADO: D:/Music\Queen - A Day At The Races (2011 Deluxe Remaster FLAC) 88\CD1\Queen - A Day At The Races (2011 Deluxe Remaster) 1.m3u (298 bytes)
2026-04-02 16:15:21,425 - INFO - 🗑️ DELETADO: D:/Music\Queen - A Day At The Races (2011 Deluxe Remaster FLAC) 88\CD2\Queen - A Day At The Races (2011 Deluxe Remaster) 2.m3u (330 bytes)
2026-04-02 16:15:21,435 - INFO - 🗑️ DELETADO: D:/Music\Queen - A Night At The Opera [Flac-320-Bubanee]\Queen - A Night At The Opera [320-Bubanee]\Playlist 320.m3u (899 bytes)
2026-04-02 16:15:21,438 - INFO - 🗑️ DELETADO: D:/Music\Queen - A Night At The Opera [Flac-320-Bubanee]\Queen - A Night At The Opera [Flac-Bubanee]\Playlist Flac 16-44.1.m3u (911 bytes)
2026-04-02 16:15:21,447 - INFO - 🗑️ DELETADO: D:/Music\Queen - Hot Space (2011 Deluxe Remaster FLAC) 88\CD1\Queen - Hot Space (2011 Deluxe Remaster) 1.m3u (313 bytes)
2026-04-02 16:15:21,455 - INFO - 🗑️ DELETADO: D:/Music\Queen - Hot Space (2011 Deluxe Remaster FLAC) 88\CD2\Queen - Hot Space (2011 Deluxe Remaster) 2.m3u (252 bytes)
2026-04-02 16:15:21,470 - INFO - 🗑️ DELETADO: D:/Music\Queen - Jazz (2011 Deluxe Remaster FLAC) 88\CD1\Queen - Jazz (2011 Deluxe Remaster) 1.m3u (350 bytes)
2026-04-02 16:15:21,484 - INFO - 🗑️ DELETADO: D:/Music\Queen - Jazz (2011 Deluxe Remaster FLAC) 88\CD2\Queen - Jazz (2011 Deluxe Remaster) 2.m3u (265 bytes)
2026-04-02 16:15:21,490 - INFO - 🗑️ DELETADO: D:/Music\Queen - News Of The World (1977 PBTHAL 24-96 FLAC) 88\Queen - News Of The World.m3u (326 bytes)
2026-04-02 16:15:21,492 - INFO - 🗑️ DELETADO: D:/Music\Queen - Queen (1973) (PBTHAL 24-96 FLAC) 88\Queen - Queen.m3u (260 bytes)
2026-04-02 16:15:21,511 - INFO - 🗑️ DELETADO: D:/Music\Queen - Sheer Heart Attack (2011 Deluxe Remaster FLAC) 88\CD1\Queen - Sheer Heart Attack (2011 Deluxe Remaster) 1.m3u (404 bytes)
2026-04-02 16:15:21,524 - INFO - 🗑️ DELETADO: D:/Music\Queen - Sheer Heart Attack (2011 Deluxe Remaster FLAC) 88\CD2\Queen - Sheer Heart Attack (2011 Deluxe Remaster) 2.m3u (324 bytes)
2026-04-02 16:15:21,543 - INFO - 🗑️ DELETADO: D:/Music\Queen - The Game (2011 Deluxe Remaster FLAC) 88\CD1\Queen - The Game (2011 Deluxe Remaster) 1.m3u (303 bytes)
2026-04-02 16:15:21,547 - INFO - 🗑️ DELETADO: D:/Music\Queen - The Game (2011 Deluxe Remaster FLAC) 88\CD2\Queen - The Game (2011 Deluxe Remaster) 2.m3u (283 bytes)
2026-04-02 16:15:21,567 - INFO - 🗑️ DELETADO: D:/Music\Queen - The Works (2011 Deluxe Remaster FLAC) 88\CD1\Queen - The Works (2011 Deluxe Remaster) 1.m3u (286 bytes)
2026-04-02 16:15:21,569 - INFO - 🗑️ DELETADO: D:/Music\Queen - The Works (2011 Deluxe Remaster FLAC) 88\CD2\Queen - The Works (2011 Deluxe Remaster) 2.m3u (305 bytes)
2026-04-02 16:15:21,571 - INFO - 🗑️ DELETADO: D:/Music\Red Hot Chili Peppers - Blood Sugar Sex Magik (1991) (PBTHAL LP 24-96) [FLAC] vtwin88cube\00.-Red Hot Chili Peppers - Blood Sugar Sex Magik.m3u (482 bytes)
2026-04-02 16:15:21,686 - INFO - 🗑️ DELETADO: D:/Music\Red Hot Chili Peppers - By the Way [ARG] [2002]\By the Way.m3u (1203 bytes)
2026-04-02 16:15:21,753 - INFO - 🗑️ DELETADO: D:/Music\Red Hot Chili Peppers - Californication (1999) (PBTHAL LP 24-96) [FLAC] vtwin88cube\00.-Red Hot Chili Peppers - Californication.m3u (341 bytes)
2026-04-02 16:15:22,003 - INFO - 🗑️ DELETADO: D:/Music\thasup_X_Mara_Sattei-CASA_GOSPEL-EP-WEB-IT-2024-ENRiCH\00-thasup_x_mara_sattei-casa_gospel-ep-web-it-2024.m3u (378 bytes)
2026-04-02 16:15:22,066 - INFO - 🗑️ DELETADO: D:/Music\The Crucible of Life (Deluxe Edition)\The Home Team - The Crucible of Life (Deluxe Edition).flac.m3u (1106 bytes)
2026-04-02 16:15:22,071 - INFO - 🗑️ DELETADO: D:/Music\The Strokes - The New Abnormal [2020 - 19439-70588-2]\The Strokes - The New Abnormal.m3u (683 bytes)
2026-04-02 16:15:22,093 - INFO - 🗑️ DELETADO: D:/Music\[torrents.ru]_Sub_Focus_Releases_Pack_ED209\Baron_Incorporated-BARONINC005-Baron-2005-sour\00-baron_inc-baron-baroninc005-2005-sour.m3u (92 bytes)
2026-04-02 16:15:22,111 - INFO - 🗑️ DELETADO: D:/Music\[torrents.ru]_Sub_Focus_Releases_Pack_ED209\Breakbeat_Kaos-BBK017SCD-DJ_Fresh-Nervous-(CDS)-2006-MP3\00-dj_fresh-nervous-(cds)-2006-mp3.m3u (204 bytes)
2026-04-02 16:15:22,115 - INFO - 🗑️ DELETADO: D:/Music\[torrents.ru]_Sub_Focus_Releases_Pack_ED209\DJ_Fresh-Nervous-(CDS)-2006-MP3\00-dj_fresh-nervous-(cds)-2006-mp3.m3u (204 bytes)
2026-04-02 16:15:22,117 - INFO - 🗑️ DELETADO: D:/Music\[torrents.ru]_Sub_Focus_Releases_Pack_ED209\Dr_Octagon-Aliens_(Sub_Focus_Remix)-2006-HDiG\00-dr_octagon-aliens_(sub_focus_remix)-hdig.m3u (48 bytes)
2026-04-02 16:15:22,123 - INFO - 🗑️ DELETADO: D:/Music\[torrents.ru]_Sub_Focus_Releases_Pack_ED209\Dr_Octagon-Aliens_(Sub_Focus_Remix)-LOUPE021-2006-sour-int\00-Dr_Octagon-Aliens_(Sub_Focus_Remix)-LOUPE021-2006-sour.m3u (123 bytes)
2026-04-02 16:15:22,129 - INFO - 🗑️ DELETADO: D:/Music\[torrents.ru]_Sub_Focus_Releases_Pack_ED209\D_Style-TC_feat_Sub_Focus-DSR016-VINYL-2008-sour\00-d_style-tc_feat_sub_focus-dsr016-vinyl-2008-sour.m3u (71 bytes)
2026-04-02 16:15:22,131 - INFO - 🗑️ DELETADO: D:/Music\[torrents.ru]_Sub_Focus_Releases_Pack_ED209\Exile-Pro_Agonist-ZIQ116CD-2005-sour\00-exile-pro_agonist-ziq116cd-2005-sour.m3u (459 bytes)
2026-04-02 16:15:22,133 - INFO - 🗑️ DELETADO: D:/Music\[torrents.ru]_Sub_Focus_Releases_Pack_ED209\Frequency-Subfocus-FQY009-2003-sour\00-frequency-subfocus-fqy009-2003-sour.m3u (63 bytes)
2026-04-02 16:15:22,228 - INFO - 🗑️ DELETADO: D:/Music\[torrents.ru]_Sub_Focus_Releases_Pack_ED209\Frequency-Sub_Focus-FQY012-DD-2004-DEF_INT\00-frequency-sub_focus-fqy012-dd-2004-def_int.m3u (58 bytes)
2026-04-02 16:15:22,271 - INFO - 🗑️ DELETADO: D:/Music\[torrents.ru]_Sub_Focus_Releases_Pack_ED209\Frequency-Sub_Focus-FQY016-PROMO-2004-uC\00-frequency-sub_focus-fqy016-promo-2004-uc.m3u (60 bytes)
2026-04-02 16:15:22,292 - INFO - 🗑️ DELETADO: D:/Music\[torrents.ru]_Sub_Focus_Releases_Pack_ED209\Infrared-Sub_Focus_and_Danny_Wheeler-INFRA31-2004-uC\00-infrared-sub_focus_and_danny_wheeler-infra31-2004-uc.m3u (212 bytes)
2026-04-02 16:15:22,359 - INFO - 🗑️ DELETADO: D:/Music\[torrents.ru]_Sub_Focus_Releases_Pack_ED209\Ram-Sub_Focus-RAMM63-VINYL-2007-sour\00-ram-sub_focus-ramm63-vinyl-2007-sour.m3u (64 bytes)
2026-04-02 16:15:22,409 - INFO - 🗑️ DELETADO: D:/Music\[torrents.ru]_Sub_Focus_Releases_Pack_ED209\Ram-Sub_Focus-RAMM71-VINYL-2008-sour\00-ram-sub_focus-ramm71-vinyl-2008-sour.m3u (65 bytes)
2026-04-02 16:15:22,431 - INFO - 🗑️ DELETADO: D:/Music\[torrents.ru]_Sub_Focus_Releases_Pack_ED209\Ram-Sub_Focus-RAMM78-VINYL-2009-sour\00-Ram-Sub_Focus-RAMM78-VINYL-2009-sour.m3u (70 bytes)
2026-04-02 16:15:22,441 - INFO - 🗑️ DELETADO: D:/Music\[torrents.ru]_Sub_Focus_Releases_Pack_ED209\Ram-VA-Ram_Raiders_Vol6-RAMM50-PROPER-2004-XTC\00-ram-va-ram_raiders_vol6-ramm50-proper-2004-xtc.m3u (152 bytes)
2026-04-02 16:15:22,446 - INFO - 🗑️ DELETADO: D:/Music\[torrents.ru]_Sub_Focus_Releases_Pack_ED209\Subfocus_-_Essential_Mix_PROPER-SAT-04-24-2009-TALiON\00-subfocus_-_essential_mix_proper-sat-04-24-2009-talion.m3u (61 bytes)
2026-04-02 16:15:22,453 - INFO - 🗑️ DELETADO: D:/Music\[torrents.ru]_Sub_Focus_Releases_Pack_ED209\Sub_Focus--Rock_It-(RAMM78CD)-CDM-2009-OMA\00-sub_focus--rock_it-(ramm78cd)-cdm-2009-oma.m3u (164 bytes)
2026-04-02 16:15:22,520 - INFO - 🗑️ DELETADO: D:/Music\[torrents.ru]_Sub_Focus_Releases_Pack_ED209\Sub_Focus-Airplane__Flamenco-(RAMM60)-WEB-2007-1KING\00-sub_focus-airplane__flamenco-(ramm60)-web-2007.m3u (82 bytes)
2026-04-02 16:15:22,571 - INFO - 🗑️ DELETADO: D:/Music\[torrents.ru]_Sub_Focus_Releases_Pack_ED209\Sub_Focus-Frozen_Solid-PROMO-VLS-2005-MUSIQ\00-sub_focus-frozen_solid-promo-vls-2005.m3u (53 bytes)
2026-04-02 16:15:22,627 - INFO - 🗑️ DELETADO: D:/Music\[torrents.ru]_Sub_Focus_Releases_Pack_ED209\Sub_Focus-Frozen_Solid-RAMM57SCD-CDS-2005-TL\00-sub_focus-frozen_solid-ramm57scd-cds-2005-tl.m3u (60 bytes)
2026-04-02 16:15:22,744 - INFO - 🗑️ DELETADO: D:/Music\[torrents.ru]_Sub_Focus_Releases_Pack_ED209\Sub_Focus-Verano-DUBPLATE-2006-HDiG\01-sub_focus-verano-hdig.m3u (71 bytes)
2026-04-02 16:15:22,911 - INFO - 🗑️ DELETADO: D:/Music\[torrents.ru]_Sub_Focus_Releases_Pack_ED209\Sub_Focus-X-Ray-RAMM54-2005-kHz_INT\00-sub_focus-x-ray-ramm54-2005-khz_int.m3u (58 bytes)
2026-04-02 16:15:22,913 - INFO - 🗑️ DELETADO: D:/Music\[torrents.ru]_Sub_Focus_Releases_Pack_ED209\Sub_Focus-Your_Thing-DUBPLATE-2006-HDiG\00-sub_focus-your_thing-hdig.m3u (33 bytes)
2026-04-02 16:15:22,914 - INFO - 🗑️ DELETADO: D:/Music\[torrents.ru]_Sub_Focus_Releases_Pack_ED209\Sub_Focus_-_Rock_It-(RAMM78D)-WEB-2009-LiR\00-sub_focus_-_rock_it-(ramm78d)-web-2009.m3u (196 bytes)
2026-04-02 16:15:22,916 - INFO - 🗑️ DELETADO: D:/Music\[torrents.ru]_Sub_Focus_Releases_Pack_ED209\TC-Evolution-DSRLP001-Vinyl-2007-XTC\00-tc-evolution-dsrlp001-vinyl-2007-xtc.m3u (268 bytes)
2026-04-02 16:15:22,918 - INFO - 🗑️ DELETADO: D:/Music\[torrents.ru]_Sub_Focus_Releases_Pack_ED209\VA-Dimensions_2_EP-RAMM61-2006-sour\00-va-dimensions_2_ep-ramm61-2006-sour.m3u (172 bytes)
2026-04-02 16:15:22,919 - INFO - 🗑️ DELETADO: D:/Music\[torrents.ru]_Sub_Focus_Releases_Pack_ED209\VA-Dimensions_EP-RAMM58-2005-sour\00-va-dimensions_ep-ramm58-2005-sour.m3u (182 bytes)
2026-04-02 16:15:22,930 - INFO - 🗑️ DELETADO: D:/Music\[torrents.ru]_Sub_Focus_Releases_Pack_ED209\XLT219DJ-Prodigy-Voodoo_People_(Remix)-PROMO-VLS-2005-MUSiQ\00-prodigy-voodoo_people_(remix)-promo-vls-2005.m3u (97 bytes)
2026-04-02 16:15:23,024 - INFO - --------------------------------------------------
2026-04-02 16:15:23,042 - INFO - RESUMO DA EXECUÇÃO:
2026-04-02 16:15:23,044 - INFO - ✅ Total de arquivos deletados: 62
2026-04-02 16:15:23,046 - INFO - 💾 Espaço liberado: 22.97 KB
2026-04-02 16:15:23,051 - INFO - 📝 Log detalhado salvo em: limpeza_playlists_20260402_161520.log
2026-04-02 16:15:23,054 - INFO - --------------------------------------------------
